2025-08-22 18:07:15,888 INFO: GitLab Analytics Hub startup [in D:\Documents\Code\gitlab-automation-suite\app\__init__.py:32]
2025-08-22 18:07:15,890 INFO: --- PATH DEBUGGING --- [in D:\Documents\Code\gitlab-automation-suite\app\__init__.py:35]
2025-08-22 18:07:15,890 INFO: App Root Path: D:\Documents\Code\gitlab-automation-suite\app [in D:\Documents\Code\gitlab-automation-suite\app\__init__.py:36]
2025-08-22 18:07:15,890 INFO: App Template Folder: templates [in D:\Documents\Code\gitlab-automation-suite\app\__init__.py:37]
2025-08-22 18:07:15,890 INFO: Full Template Path: D:\Documents\Code\gitlab-automation-suite\app\templates [in D:\Documents\Code\gitlab-automation-suite\app\__init__.py:38]
2025-08-22 18:07:15,893 INFO: --- END PATH DEBUGGING --- [in D:\Documents\Code\gitlab-automation-suite\app\__init__.py:39]
2025-08-22 18:07:16,837 INFO: --- BLUEPRINT DEBUGGING --- [in D:\Documents\Code\gitlab-automation-suite\app\__init__.py:46]
2025-08-22 18:07:16,838 INFO: Registered Blueprint: 'main' [in D:\Documents\Code\gitlab-automation-suite\app\__init__.py:48]
2025-08-22 18:07:16,838 INFO:   - Blueprint Template Folder: ../templates [in D:\Documents\Code\gitlab-automation-suite\app\__init__.py:49]
2025-08-22 18:07:16,838 INFO: --- END BLUEPRINT DEBUGGING --- [in D:\Documents\Code\gitlab-automation-suite\app\__init__.py:50]
2025-08-22 18:07:51,919 INFO: Returning cached data for group ID: 2651 [in D:\Documents\Code\gitlab-automation-suite\app\main\routes.py:98]
2025-08-22 18:07:54,071 INFO: Returning cached data for group ID: 2651 [in D:\Documents\Code\gitlab-automation-suite\app\main\routes.py:98]
2025-08-22 18:07:56,635 INFO: Returning cached data for group ID: 2 [in D:\Documents\Code\gitlab-automation-suite\app\main\routes.py:98]
2025-08-22 18:07:58,238 INFO: Returning cached data for group ID: 2623 [in D:\Documents\Code\gitlab-automation-suite\app\main\routes.py:98]
2025-08-22 18:08:09,459 INFO: Successfully connected to GitLab at https://emu.hinagro.com [in D:\Documents\Code\gitlab-automation-suite\app\main\services.py:27]
2025-08-22 18:08:09,459 INFO: Generating Triage to Milestone Lag Report based on issue activity. [in D:\Documents\Code\gitlab-automation-suite\app\main\logic.py:367]
2025-08-22 18:08:40,891 INFO: Fetched ALL 720 issues with filters: {'updated_after': '2025-08-01', 'updated_before': '2025-08-22', 'all': True, 'include_subgroups': True} [in D:\Documents\Code\gitlab-automation-suite\app\main\services.py:299]
2025-08-22 18:09:00,092 ERROR: Error fetching milestone events for issue 67/22087: ('Connection aborted.', ConnectionResetError(10054, 'An existing connection was forcibly closed by the remote host', None, 10054, None)) [in D:\Documents\Code\gitlab-automation-suite\app\main\services.py:66]
2025-08-22 18:09:48,410 ERROR: Error fetching milestone events for issue 67/22034: ('Connection aborted.', ConnectionResetError(10054, 'An existing connection was forcibly closed by the remote host', None, 10054, None)) [in D:\Documents\Code\gitlab-automation-suite\app\main\services.py:66]
2025-08-22 18:12:26,447 INFO: Successfully connected to GitLab at https://emu.hinagro.com [in D:\Documents\Code\gitlab-automation-suite\app\main\services.py:27]
2025-08-22 18:12:26,454 INFO: Generating Triage to Milestone Lag Report based on issue activity. [in D:\Documents\Code\gitlab-automation-suite\app\main\logic.py:367]
2025-08-22 18:12:39,225 INFO: Fetched ALL 720 issues with filters: {'updated_after': '2025-08-01', 'updated_before': '2025-08-22', 'all': True, 'include_subgroups': True} [in D:\Documents\Code\gitlab-automation-suite\app\main\services.py:299]
2025-08-22 18:13:27,145 INFO: Successfully connected to GitLab at https://emu.hinagro.com [in D:\Documents\Code\gitlab-automation-suite\app\main\services.py:27]
2025-08-22 18:13:27,146 INFO: Generating Triage to Milestone Lag Report based on issue activity. [in D:\Documents\Code\gitlab-automation-suite\app\main\logic.py:367]
2025-08-22 18:13:40,642 INFO: Fetched ALL 720 issues with filters: {'updated_after': '2025-08-01', 'updated_before': '2025-08-22', 'all': True, 'include_subgroups': True} [in D:\Documents\Code\gitlab-automation-suite\app\main\services.py:299]
2025-08-22 18:29:17,422 INFO: Successfully connected to GitLab at https://emu.hinagro.com [in D:\Documents\Code\gitlab-automation-suite\app\main\services.py:27]
2025-08-22 18:29:17,423 INFO: Generating Triage to Milestone Lag Report based on issue activity. [in D:\Documents\Code\gitlab-automation-suite\app\main\logic.py:367]
2025-08-22 18:29:30,252 INFO: Fetched ALL 720 issues with filters: {'updated_after': '2025-08-01', 'updated_before': '2025-08-22', 'all': True, 'include_subgroups': True} [in D:\Documents\Code\gitlab-automation-suite\app\main\services.py:299]
2025-08-22 18:30:59,793 ERROR: Error fetching milestone events for issue 67/21691: ('Connection aborted.', ConnectionResetError(10054, 'An existing connection was forcibly closed by the remote host', None, 10054, None)) [in D:\Documents\Code\gitlab-automation-suite\app\main\services.py:66]
2025-08-22 18:31:26,185 ERROR: Error fetching milestone events for issue 67/21647: ('Connection aborted.', ConnectionResetError(10054, 'An existing connection was forcibly closed by the remote host', None, 10054, None)) [in D:\Documents\Code\gitlab-automation-suite\app\main\services.py:66]
2025-08-22 18:31:53,508 ERROR: Error fetching milestone events for issue 2166/23: ('Connection aborted.', ConnectionResetError(10054, 'An existing connection was forcibly closed by the remote host', None, 10054, None)) [in D:\Documents\Code\gitlab-automation-suite\app\main\services.py:66]
