2025-08-19 18:49:56,571 INFO: GitLab Analytics Hub startup [in D:\Documents\Code\gitlab-automation-suite\app\__init__.py:32]
2025-08-19 18:49:56,572 INFO: --- PATH DEBUGGING --- [in D:\Documents\Code\gitlab-automation-suite\app\__init__.py:35]
2025-08-19 18:49:56,572 INFO: App Root Path: D:\Documents\Code\gitlab-automation-suite\app [in D:\Documents\Code\gitlab-automation-suite\app\__init__.py:36]
2025-08-19 18:49:56,572 INFO: App Template Folder: templates [in D:\Documents\Code\gitlab-automation-suite\app\__init__.py:37]
2025-08-19 18:49:56,573 INFO: Full Template Path: D:\Documents\Code\gitlab-automation-suite\app\templates [in D:\Documents\Code\gitlab-automation-suite\app\__init__.py:38]
2025-08-19 18:49:56,577 INFO: --- END PATH DEBUGGING --- [in D:\Documents\Code\gitlab-automation-suite\app\__init__.py:39]
2025-08-19 18:49:59,237 INFO: --- BLUEPRINT DEBUGGING --- [in D:\Documents\Code\gitlab-automation-suite\app\__init__.py:46]
2025-08-19 18:49:59,238 INFO: Registered Blueprint: 'main' [in D:\Documents\Code\gitlab-automation-suite\app\__init__.py:48]
2025-08-19 18:49:59,239 INFO:   - Blueprint Template Folder: ../templates [in D:\Documents\Code\gitlab-automation-suite\app\__init__.py:49]
2025-08-19 18:49:59,240 INFO: --- END BLUEPRINT DEBUGGING --- [in D:\Documents\Code\gitlab-automation-suite\app\__init__.py:50]
2025-08-19 18:50:40,417 INFO: Successfully connected to GitLab at https://emu.hinagro.com [in D:\Documents\Code\gitlab-automation-suite\app\main\services.py:27]
2025-08-19 18:50:40,418 INFO: Generating Triage to Milestone Lag Report. [in D:\Documents\Code\gitlab-automation-suite\app\main\logic.py:364]
2025-08-19 18:51:18,984 INFO: Fetched ALL 1882 issues with filters: {'created_after': '2025-01-01', 'created_before': '2025-08-19', 'milestone': 'Any', 'all': True, 'include_subgroups': True} [in D:\Documents\Code\gitlab-automation-suite\app\main\services.py:271]
2025-08-19 18:51:19,262 ERROR: Report generation failed: 'ProjectIssue' object has no attribute 'project'
Traceback (most recent call last):
  File "D:\Documents\Code\gitlab-automation-suite\app\main\routes.py", line 117, in generate_report
    chart_data, error_msg = ReportGenerator.generate_triage_to_milestone_report(
                            ~~~~~~~~~~~~~~~~~~~~~~~~~~~~~~~~~~~~~~~~~~~~~~~~~~~^
        gl_service, data['scope_id'], data['scope_type'], data['start_date'], data['end_date']
        ^^^^^^^^^^^^^^^^^^^^^^^^^^^^^^^^^^^^^^^^^^^^^^^^^^^^^^^^^^^^^^^^^^^^^^^^^^^^^^^^^^^^^^
    )
    ^
  File "D:\Documents\Code\gitlab-automation-suite\app\main\logic.py", line 387, in generate_triage_to_milestone_report
    milestone_cache[milestone_id] = gl_service.get_single_milestone(full_issue.project.group_id, milestone_id)
                                                                    ^^^^^^^^^^^^^^^^^^
  File "C:\Users\sarth\AppData\Local\Programs\Python\Python313\Lib\site-packages\gitlab\base.py", line 133, in __getattr__
    raise AttributeError(message)
AttributeError: 'ProjectIssue' object has no attribute 'project'. Did you mean: 'project_id'?
 [in D:\Documents\Code\gitlab-automation-suite\app\main\routes.py:174]
