2025-08-22 00:00:51,109 INFO: Successfully connected to GitLab at https://emu.hinagro.com [in D:\Documents\Code\gitlab-automation-suite\app\main\services.py:27]
2025-08-22 00:00:51,274 INFO: Returning cached data for group ID: 2651 [in D:\Documents\Code\gitlab-automation-suite\app\main\routes.py:85]
2025-08-22 00:03:19,495 INFO: Returning cached data for group ID: 2 [in D:\Documents\Code\gitlab-automation-suite\app\main\routes.py:85]
2025-08-22 00:03:24,425 INFO: Returning cached data for group ID: 2623 [in D:\Documents\Code\gitlab-automation-suite\app\main\routes.py:85]
2025-08-22 00:03:36,357 INFO: Successfully connected to GitLab at https://emu.hinagro.com [in D:\Documents\Code\gitlab-automation-suite\app\main\services.py:27]
2025-08-22 00:03:36,363 INFO: Generating Triage to Milestone Lag Report. [in D:\Documents\Code\gitlab-automation-suite\app\main\logic.py:364]
2025-08-22 00:03:47,952 INFO: Fetched ALL 599 issues with filters: {'created_after': '2025-06-01', 'created_before': '2025-08-22', 'milestone': 'Any', 'all': True, 'include_subgroups': True} [in D:\Documents\Code\gitlab-automation-suite\app\main\services.py:289]
2025-08-22 00:03:52,809 ERROR: Error fetching single milestone 6071 from group 4269: 404: 404 Not found [in D:\Documents\Code\gitlab-automation-suite\app\main\services.py:322]
2025-08-22 00:03:56,486 ERROR: Error fetching single milestone 6271 from group 2623: 404: 404 Not found [in D:\Documents\Code\gitlab-automation-suite\app\main\services.py:322]
2025-08-22 00:04:11,579 ERROR: Error fetching single milestone 6070 from group 4269: 404: 404 Not found [in D:\Documents\Code\gitlab-automation-suite\app\main\services.py:322]
2025-08-22 00:05:14,008 ERROR: Error fetching single milestone 6167 from group 4268: 404: 404 Not found [in D:\Documents\Code\gitlab-automation-suite\app\main\services.py:322]
2025-08-22 00:05:19,127 ERROR: Error fetching single milestone 6068 from group 4269: 404: 404 Not found [in D:\Documents\Code\gitlab-automation-suite\app\main\services.py:322]
2025-08-22 00:05:57,841 ERROR: Error fetching single milestone 6066 from group 4269: 404: 404 Not found [in D:\Documents\Code\gitlab-automation-suite\app\main\services.py:322]
2025-08-22 00:06:10,637 ERROR: Error fetching single milestone 6143 from group 2623: 404: 404 Not found [in D:\Documents\Code\gitlab-automation-suite\app\main\services.py:322]
2025-08-22 00:06:15,875 ERROR: Error fetching single milestone 6065 from group 4269: 404: 404 Not found [in D:\Documents\Code\gitlab-automation-suite\app\main\services.py:322]
2025-08-22 00:07:10,561 ERROR: Error fetching single milestone 5516 from group 4269: 404: 404 Not found [in D:\Documents\Code\gitlab-automation-suite\app\main\services.py:322]
2025-08-22 00:07:43,836 ERROR: Error fetching single milestone 5515 from group 4269: 404: 404 Not found [in D:\Documents\Code\gitlab-automation-suite\app\main\services.py:322]
2025-08-22 00:16:58,720 INFO: Successfully connected to GitLab at https://emu.hinagro.com [in D:\Documents\Code\gitlab-automation-suite\app\main\services.py:27]
2025-08-22 00:16:58,721 INFO: Generating Triage to Milestone Lag Report. [in D:\Documents\Code\gitlab-automation-suite\app\main\logic.py:364]
2025-08-22 00:17:00,231 INFO: Fetched ALL 36 issues with filters: {'created_after': '2025-08-15', 'created_before': '2025-08-22', 'milestone': 'Any', 'all': True, 'include_subgroups': True} [in D:\Documents\Code\gitlab-automation-suite\app\main\services.py:289]
2025-08-22 00:17:06,117 ERROR: Error fetching single milestone 6071 from group 4269: 404: 404 Not found [in D:\Documents\Code\gitlab-automation-suite\app\main\services.py:322]
2025-08-22 00:17:11,319 ERROR: Error fetching single milestone 6271 from group 2623: 404: 404 Not found [in D:\Documents\Code\gitlab-automation-suite\app\main\services.py:322]
2025-08-22 00:17:49,540 INFO: Successfully connected to GitLab at https://emu.hinagro.com [in D:\Documents\Code\gitlab-automation-suite\app\main\services.py:27]
2025-08-22 00:17:49,541 INFO: Generating Issue TAT Trend Report for 3 months. [in D:\Documents\Code\gitlab-automation-suite\app\main\logic.py:211]
2025-08-22 00:18:41,274 INFO: Fetched ALL 756 issues with filters: {'state': 'closed', 'created_after': '2025-05-21', 'created_before': '2025-08-21', 'all': True, 'include_subgroups': True} [in D:\Documents\Code\gitlab-automation-suite\app\main\services.py:289]
