2025-08-22 12:56:01,382 INFO: GitLab Analytics Hub startup [in D:\Documents\Code\gitlab-automation-suite\app\__init__.py:32]
2025-08-22 12:56:01,384 INFO: --- PATH DEBUGGING --- [in D:\Documents\Code\gitlab-automation-suite\app\__init__.py:35]
2025-08-22 12:56:01,385 INFO: App Root Path: D:\Documents\Code\gitlab-automation-suite\app [in D:\Documents\Code\gitlab-automation-suite\app\__init__.py:36]
2025-08-22 12:56:01,386 INFO: App Template Folder: templates [in D:\Documents\Code\gitlab-automation-suite\app\__init__.py:37]
2025-08-22 12:56:01,387 INFO: Full Template Path: D:\Documents\Code\gitlab-automation-suite\app\templates [in D:\Documents\Code\gitlab-automation-suite\app\__init__.py:38]
2025-08-22 12:56:01,388 INFO: --- END PATH DEBUGGING --- [in D:\Documents\Code\gitlab-automation-suite\app\__init__.py:39]
2025-08-22 12:56:04,275 INFO: --- BLUEPRINT DEBUGGING --- [in D:\Documents\Code\gitlab-automation-suite\app\__init__.py:46]
2025-08-22 12:56:04,276 INFO: Registered Blueprint: 'main' [in D:\Documents\Code\gitlab-automation-suite\app\__init__.py:48]
2025-08-22 12:56:04,276 INFO:   - Blueprint Template Folder: ../templates [in D:\Documents\Code\gitlab-automation-suite\app\__init__.py:49]
2025-08-22 12:56:04,277 INFO: --- END BLUEPRINT DEBUGGING --- [in D:\Documents\Code\gitlab-automation-suite\app\__init__.py:50]
2025-08-22 14:40:22,220 INFO: Returning cached data for group ID: 2651 [in D:\Documents\Code\gitlab-automation-suite\app\main\routes.py:85]
2025-08-22 14:40:32,411 INFO: Returning cached data for group ID: 2 [in D:\Documents\Code\gitlab-automation-suite\app\main\routes.py:85]
2025-08-22 14:40:33,705 INFO: Returning cached data for group ID: 2623 [in D:\Documents\Code\gitlab-automation-suite\app\main\routes.py:85]
2025-08-22 14:40:47,569 INFO: Successfully connected to GitLab at https://emu.hinagro.com [in D:\Documents\Code\gitlab-automation-suite\app\main\services.py:27]
2025-08-22 14:40:47,571 INFO: Generating Triage to Milestone Lag Report. [in D:\Documents\Code\gitlab-automation-suite\app\main\logic.py:364]
2025-08-22 14:40:48,373 INFO: Fetched ALL 26 issues with filters: {'created_after': '2025-08-18', 'created_before': '2025-08-20', 'milestone': 'Any', 'all': True, 'include_subgroups': True} [in D:\Documents\Code\gitlab-automation-suite\app\main\services.py:289]
2025-08-22 14:40:49,611 ERROR: Error fetching single milestone 6071 from group 4269: 404: 404 Not found [in D:\Documents\Code\gitlab-automation-suite\app\main\services.py:322]
2025-08-22 14:40:50,586 ERROR: Error fetching single milestone 6072 from group 4269: 404: 404 Not found [in D:\Documents\Code\gitlab-automation-suite\app\main\services.py:322]
2025-08-22 14:40:53,156 ERROR: Error fetching single milestone 6271 from group 2623: 404: 404 Not found [in D:\Documents\Code\gitlab-automation-suite\app\main\services.py:322]
2025-08-22 14:40:58,529 ERROR: Report generation failed: too many values to unpack (expected 2)
Traceback (most recent call last):
  File "D:\Documents\Code\gitlab-automation-suite\app\main\routes.py", line 136, in generate_report
    chart_data, error_msg = ReportGenerator.generate_triage_to_milestone_report(
    ^^^^^^^^^^^^^^^^^^^^^
ValueError: too many values to unpack (expected 2)
 [in D:\Documents\Code\gitlab-automation-suite\app\main\routes.py:199]
