2025-08-19 18:54:06,046 INFO: GitLab Analytics Hub startup [in D:\Documents\Code\gitlab-automation-suite\app\__init__.py:32]
2025-08-19 18:54:06,047 INFO: --- PATH DEBUGGING --- [in D:\Documents\Code\gitlab-automation-suite\app\__init__.py:35]
2025-08-19 18:54:06,051 INFO: App Root Path: D:\Documents\Code\gitlab-automation-suite\app [in D:\Documents\Code\gitlab-automation-suite\app\__init__.py:36]
2025-08-19 18:54:06,052 INFO: App Template Folder: templates [in D:\Documents\Code\gitlab-automation-suite\app\__init__.py:37]
2025-08-19 18:54:06,052 INFO: Full Template Path: D:\Documents\Code\gitlab-automation-suite\app\templates [in D:\Documents\Code\gitlab-automation-suite\app\__init__.py:38]
2025-08-19 18:54:06,056 INFO: --- END PATH DEBUGGING --- [in D:\Documents\Code\gitlab-automation-suite\app\__init__.py:39]
2025-08-19 18:54:08,888 INFO: --- BLUEPRINT DEBUGGING --- [in D:\Documents\Code\gitlab-automation-suite\app\__init__.py:46]
2025-08-19 18:54:08,889 INFO: Registered Blueprint: 'main' [in D:\Documents\Code\gitlab-automation-suite\app\__init__.py:48]
2025-08-19 18:54:08,889 INFO:   - Blueprint Template Folder: ../templates [in D:\Documents\Code\gitlab-automation-suite\app\__init__.py:49]
2025-08-19 18:54:08,889 INFO: --- END BLUEPRINT DEBUGGING --- [in D:\Documents\Code\gitlab-automation-suite\app\__init__.py:50]
2025-08-19 18:54:30,945 INFO: Successfully connected to GitLab at https://emu.hinagro.com [in D:\Documents\Code\gitlab-automation-suite\app\main\services.py:27]
2025-08-19 18:54:30,946 INFO: Generating Triage to Milestone Lag Report. [in D:\Documents\Code\gitlab-automation-suite\app\main\logic.py:364]
2025-08-19 18:54:36,616 INFO: Successfully connected to GitLab at https://emu.hinagro.com [in D:\Documents\Code\gitlab-automation-suite\app\main\services.py:27]
2025-08-19 18:54:36,617 INFO: Generating Triage to Milestone Lag Report. [in D:\Documents\Code\gitlab-automation-suite\app\main\logic.py:364]
2025-08-19 18:55:03,439 INFO: Fetched ALL 1882 issues with filters: {'created_after': '2025-01-01', 'created_before': '2025-08-19', 'milestone': 'Any', 'all': True, 'include_subgroups': True} [in D:\Documents\Code\gitlab-automation-suite\app\main\services.py:271]
2025-08-19 18:55:03,811 ERROR: Report generation failed: 'GitLabService' object has no attribute 'get_project'
Traceback (most recent call last):
  File "D:\Documents\Code\gitlab-automation-suite\app\main\routes.py", line 117, in generate_report
    chart_data, error_msg = ReportGenerator.generate_triage_to_milestone_report(
                            ~~~~~~~~~~~~~~~~~~~~~~~~~~~~~~~~~~~~~~~~~~~~~~~~~~~^
        gl_service, data['scope_id'], data['scope_type'], data['start_date'], data['end_date']
        ^^^^^^^^^^^^^^^^^^^^^^^^^^^^^^^^^^^^^^^^^^^^^^^^^^^^^^^^^^^^^^^^^^^^^^^^^^^^^^^^^^^^^^
    )
    ^
  File "D:\Documents\Code\gitlab-automation-suite\app\main\logic.py", line 385, in generate_triage_to_milestone_report
    project = gl_service.get_project(full_issue.project_id)
              ^^^^^^^^^^^^^^^^^^^^^^
AttributeError: 'GitLabService' object has no attribute 'get_project'
 [in D:\Documents\Code\gitlab-automation-suite\app\main\routes.py:174]
2025-08-19 18:55:09,084 INFO: Fetched ALL 1882 issues with filters: {'created_after': '2025-01-01', 'created_before': '2025-08-19', 'milestone': 'Any', 'all': True, 'include_subgroups': True} [in D:\Documents\Code\gitlab-automation-suite\app\main\services.py:271]
2025-08-19 18:55:09,265 ERROR: Report generation failed: 'GitLabService' object has no attribute 'get_project'
Traceback (most recent call last):
  File "D:\Documents\Code\gitlab-automation-suite\app\main\routes.py", line 117, in generate_report
    chart_data, error_msg = ReportGenerator.generate_triage_to_milestone_report(
                            ~~~~~~~~~~~~~~~~~~~~~~~~~~~~~~~~~~~~~~~~~~~~~~~~~~~^
        gl_service, data['scope_id'], data['scope_type'], data['start_date'], data['end_date']
        ^^^^^^^^^^^^^^^^^^^^^^^^^^^^^^^^^^^^^^^^^^^^^^^^^^^^^^^^^^^^^^^^^^^^^^^^^^^^^^^^^^^^^^
    )
    ^
  File "D:\Documents\Code\gitlab-automation-suite\app\main\logic.py", line 385, in generate_triage_to_milestone_report
    project = gl_service.get_project(full_issue.project_id)
              ^^^^^^^^^^^^^^^^^^^^^^
AttributeError: 'GitLabService' object has no attribute 'get_project'
 [in D:\Documents\Code\gitlab-automation-suite\app\main\routes.py:174]
