2025-08-14 15:08:27,593 INFO: GitLab Analytics Hub startup [in D:\Documents\Code\gitlab-automation-suite\app\__init__.py:32]
2025-08-14 15:08:27,594 INFO: --- PATH DEBUGGING --- [in D:\Documents\Code\gitlab-automation-suite\app\__init__.py:35]
2025-08-14 15:08:27,595 INFO: App Root Path: D:\Documents\Code\gitlab-automation-suite\app [in D:\Documents\Code\gitlab-automation-suite\app\__init__.py:36]
2025-08-14 15:08:27,596 INFO: App Template Folder: templates [in D:\Documents\Code\gitlab-automation-suite\app\__init__.py:37]
2025-08-14 15:08:27,597 INFO: Full Template Path: D:\Documents\Code\gitlab-automation-suite\app\templates [in D:\Documents\Code\gitlab-automation-suite\app\__init__.py:38]
2025-08-14 15:08:27,600 INFO: --- END PATH DEBUGGING --- [in D:\Documents\Code\gitlab-automation-suite\app\__init__.py:39]
2025-08-14 15:08:28,567 INFO: --- BLUEPRINT DEBUGGING --- [in D:\Documents\Code\gitlab-automation-suite\app\__init__.py:46]
2025-08-14 15:08:28,568 INFO: Registered Blueprint: 'main' [in D:\Documents\Code\gitlab-automation-suite\app\__init__.py:48]
2025-08-14 15:08:28,568 INFO:   - Blueprint Template Folder: ../templates [in D:\Documents\Code\gitlab-automation-suite\app\__init__.py:49]
2025-08-14 15:08:28,569 INFO: --- END BLUEPRINT DEBUGGING --- [in D:\Documents\Code\gitlab-automation-suite\app\__init__.py:50]
2025-08-14 15:09:01,267 INFO: Successfully connected to GitLab at https://emu.hinagro.com [in D:\Documents\Code\gitlab-automation-suite\app\main\services.py:27]
2025-08-14 15:09:01,267 INFO: Generating Defect Trend Report for 2 months. [in D:\Documents\Code\gitlab-automation-suite\app\main\logic.py:168]
2025-08-14 15:09:03,765 INFO: Fetched ALL 133 issues with filters: {'created_after': '2025-06-01', 'created_before': '2025-07-01', 'labels': 'type::bug', 'all': True, 'include_subgroups': True} [in D:\Documents\Code\gitlab-automation-suite\app\main\services.py:279]
2025-08-14 15:09:04,314 INFO: Fetched ALL 14 issues with filters: {'created_after': '2025-06-01', 'created_before': '2025-07-01', 'labels': 'found-post-release', 'all': True, 'include_subgroups': True} [in D:\Documents\Code\gitlab-automation-suite\app\main\services.py:279]
2025-08-14 15:09:04,730 INFO: Fetched ALL 2 issues with filters: {'created_after': '2025-06-01', 'created_before': '2025-07-01', 'labels': 'production-issue', 'all': True, 'include_subgroups': True} [in D:\Documents\Code\gitlab-automation-suite\app\main\services.py:279]
2025-08-14 15:09:10,878 INFO: Fetched ALL 394 issues with filters: {'created_after': '2025-06-01', 'created_before': '2025-07-01', 'all': True, 'include_subgroups': True} [in D:\Documents\Code\gitlab-automation-suite\app\main\services.py:279]
2025-08-14 15:09:13,145 INFO: Fetched ALL 119 issues with filters: {'created_after': '2025-07-01', 'created_before': '2025-08-01', 'labels': 'type::bug', 'all': True, 'include_subgroups': True} [in D:\Documents\Code\gitlab-automation-suite\app\main\services.py:279]
2025-08-14 15:09:13,826 INFO: Fetched ALL 5 issues with filters: {'created_after': '2025-07-01', 'created_before': '2025-08-01', 'labels': 'found-post-release', 'all': True, 'include_subgroups': True} [in D:\Documents\Code\gitlab-automation-suite\app\main\services.py:279]
2025-08-14 15:09:14,358 INFO: Fetched ALL 3 issues with filters: {'created_after': '2025-07-01', 'created_before': '2025-08-01', 'labels': 'production-issue', 'all': True, 'include_subgroups': True} [in D:\Documents\Code\gitlab-automation-suite\app\main\services.py:279]
2025-08-14 15:09:22,789 INFO: Fetched ALL 433 issues with filters: {'created_after': '2025-07-01', 'created_before': '2025-08-01', 'all': True, 'include_subgroups': True} [in D:\Documents\Code\gitlab-automation-suite\app\main\services.py:279]
