2025-08-20 10:49:59,999 INFO: Fetched ALL 67 issues with filters: {'milestone': '2025-Aug-19', 'all': True, 'include_subgroups': True} [in D:\Documents\Code\gitlab-automation-suite\app\main\services.py:289]
2025-08-20 10:50:06,488 INFO: Successfully connected to GitLab at https://emu.hinagro.com [in D:\Documents\Code\gitlab-automation-suite\app\main\services.py:27]
2025-08-20 10:50:08,819 INFO: Fetched ALL 89 issues with filters: {'milestone': '2025-Aug-12', 'all': True, 'include_subgroups': True} [in D:\Documents\Code\gitlab-automation-suite\app\main\services.py:289]
2025-08-20 12:27:57,232 INFO: Successfully connected to GitLab at https://emu.hinagro.com [in D:\Documents\Code\gitlab-automation-suite\app\main\services.py:27]
2025-08-20 12:27:57,261 INFO: Generating Triage to Milestone Lag Report. [in D:\Documents\Code\gitlab-automation-suite\app\main\logic.py:364]
2025-08-20 12:28:40,226 INFO: Fetched ALL 1885 issues with filters: {'created_after': '2025-01-01', 'created_before': '2025-08-19', 'milestone': 'Any', 'all': True, 'include_subgroups': True} [in D:\Documents\Code\gitlab-automation-suite\app\main\services.py:289]
2025-08-20 12:29:05,476 ERROR: Error fetching single milestone 6070 from group 4269: 404: 404 Not found [in D:\Documents\Code\gitlab-automation-suite\app\main\services.py:322]
2025-08-20 12:30:24,234 ERROR: Error fetching single milestone 6167 from group 4268: 404: 404 Not found [in D:\Documents\Code\gitlab-automation-suite\app\main\services.py:322]
2025-08-20 12:30:32,125 ERROR: Error fetching single milestone 6068 from group 4269: 404: 404 Not found [in D:\Documents\Code\gitlab-automation-suite\app\main\services.py:322]
2025-08-20 12:31:19,611 ERROR: Error fetching single milestone 6066 from group 4269: 404: 404 Not found [in D:\Documents\Code\gitlab-automation-suite\app\main\services.py:322]
2025-08-20 12:31:35,038 ERROR: Error fetching single milestone 6143 from group 2623: 404: 404 Not found [in D:\Documents\Code\gitlab-automation-suite\app\main\services.py:322]
2025-08-20 12:31:39,625 ERROR: Error fetching single milestone 6065 from group 4269: 404: 404 Not found [in D:\Documents\Code\gitlab-automation-suite\app\main\services.py:322]
2025-08-20 12:32:34,661 ERROR: Error fetching single milestone 5516 from group 4269: 404: 404 Not found [in D:\Documents\Code\gitlab-automation-suite\app\main\services.py:322]
2025-08-20 12:33:09,962 ERROR: Error fetching single milestone 5515 from group 4269: 404: 404 Not found [in D:\Documents\Code\gitlab-automation-suite\app\main\services.py:322]
2025-08-20 12:34:37,933 ERROR: Error fetching project 67: HTTPSConnectionPool(host='emu.hinagro.com', port=443): Read timed out. (read timeout=20) [in D:\Documents\Code\gitlab-automation-suite\app\main\services.py:46]
2025-08-20 12:35:04,131 ERROR: Error fetching single issue 67/21256: HTTPSConnectionPool(host='emu.hinagro.com', port=443): Read timed out. (read timeout=20) [in D:\Documents\Code\gitlab-automation-suite\app\main\services.py:38]
2025-08-20 12:35:38,322 ERROR: Error fetching project 34: HTTPSConnectionPool(host='emu.hinagro.com', port=443): Read timed out. (read timeout=20) [in D:\Documents\Code\gitlab-automation-suite\app\main\services.py:46]
2025-08-20 12:36:06,431 ERROR: Error fetching single issue 67/21254: HTTPSConnectionPool(host='emu.hinagro.com', port=443): Read timed out. (read timeout=20) [in D:\Documents\Code\gitlab-automation-suite\app\main\services.py:38]
2025-08-20 12:36:33,871 ERROR: Error fetching single issue 252/4503: HTTPSConnectionPool(host='emu.hinagro.com', port=443): Read timed out. (read timeout=20) [in D:\Documents\Code\gitlab-automation-suite\app\main\services.py:38]
2025-08-20 12:36:56,780 ERROR: Error fetching single issue 67/21252: HTTPSConnectionPool(host='emu.hinagro.com', port=443): Read timed out. (read timeout=20) [in D:\Documents\Code\gitlab-automation-suite\app\main\services.py:38]
2025-08-20 12:37:16,796 ERROR: Error fetching single issue 67/21250: HTTPSConnectionPool(host='emu.hinagro.com', port=443): Max retries exceeded with url: /api/v4/projects/67/issues/21250 (Caused by ConnectTimeoutError(<urllib3.connection.HTTPSConnection object at 0x000002B049F25BD0>, 'Connection to emu.hinagro.com timed out. (connect timeout=20)')) [in D:\Documents\Code\gitlab-automation-suite\app\main\services.py:38]
2025-08-20 12:37:49,593 ERROR: Error fetching project 67: ('Connection aborted.', ConnectionResetError(10054, 'An existing connection was forcibly closed by the remote host', None, 10054, None)) [in D:\Documents\Code\gitlab-automation-suite\app\main\services.py:46]
2025-08-20 12:38:39,391 ERROR: Error fetching single issue 252/4495: HTTPSConnectionPool(host='emu.hinagro.com', port=443): Read timed out. (read timeout=20) [in D:\Documents\Code\gitlab-automation-suite\app\main\services.py:38]
2025-08-20 12:38:50,101 ERROR: Error fetching single milestone 5513 from group 4269: 404: 404 Not found [in D:\Documents\Code\gitlab-automation-suite\app\main\services.py:322]
2025-08-20 12:39:13,120 ERROR: Error fetching project 67: HTTPSConnectionPool(host='emu.hinagro.com', port=443): Read timed out. (read timeout=20) [in D:\Documents\Code\gitlab-automation-suite\app\main\services.py:46]
2025-08-20 12:39:38,214 ERROR: Error fetching single issue 67/21202: HTTPSConnectionPool(host='emu.hinagro.com', port=443): Read timed out. (read timeout=20) [in D:\Documents\Code\gitlab-automation-suite\app\main\services.py:38]
2025-08-20 12:40:05,193 ERROR: Error fetching single issue 104/1320: HTTPSConnectionPool(host='emu.hinagro.com', port=443): Read timed out. (read timeout=20) [in D:\Documents\Code\gitlab-automation-suite\app\main\services.py:38]
2025-08-20 12:40:40,278 ERROR: Error fetching single milestone 5512 from group 4269: 404: 404 Not found [in D:\Documents\Code\gitlab-automation-suite\app\main\services.py:322]
2025-08-20 12:41:21,649 ERROR: Error fetching single milestone 5881 from group 4269: 404: 404 Not found [in D:\Documents\Code\gitlab-automation-suite\app\main\services.py:322]
2025-08-20 12:41:42,817 ERROR: Error fetching single milestone 5510 from group 4268: 404: 404 Not found [in D:\Documents\Code\gitlab-automation-suite\app\main\services.py:322]
2025-08-20 12:41:47,570 ERROR: Error fetching single milestone 5880 from group 4269: 404: 404 Not found [in D:\Documents\Code\gitlab-automation-suite\app\main\services.py:322]
2025-08-20 12:42:06,606 ERROR: Error fetching single milestone 5509 from group 4268: 404: 404 Not found [in D:\Documents\Code\gitlab-automation-suite\app\main\services.py:322]
2025-08-20 12:42:11,272 ERROR: Error fetching single milestone 5879 from group 4269: 404: 404 Not found [in D:\Documents\Code\gitlab-automation-suite\app\main\services.py:322]
2025-08-20 12:42:32,512 ERROR: Error fetching single milestone 5877 from group 4269: 404: 404 Not found [in D:\Documents\Code\gitlab-automation-suite\app\main\services.py:322]
2025-08-20 12:43:14,945 ERROR: Error fetching single milestone 5751 from group 4269: 404: 404 Not found [in D:\Documents\Code\gitlab-automation-suite\app\main\services.py:322]
2025-08-20 12:43:21,805 ERROR: Error fetching single milestone 5930 from group 2623: 404: 404 Not found [in D:\Documents\Code\gitlab-automation-suite\app\main\services.py:322]
2025-08-20 12:43:55,514 ERROR: Error fetching single milestone 5750 from group 4269: 404: 404 Not found [in D:\Documents\Code\gitlab-automation-suite\app\main\services.py:322]
2025-08-20 12:44:11,907 ERROR: Error fetching single milestone 5505 from group 4268: 404: 404 Not found [in D:\Documents\Code\gitlab-automation-suite\app\main\services.py:322]
2025-08-20 12:44:14,658 ERROR: Error fetching single milestone 5740 from group 4269: 404: 404 Not found [in D:\Documents\Code\gitlab-automation-suite\app\main\services.py:322]
2025-08-20 12:44:56,174 ERROR: Error fetching single milestone 5732 from group 4269: 404: 404 Not found [in D:\Documents\Code\gitlab-automation-suite\app\main\services.py:322]
2025-08-20 12:44:58,482 ERROR: Error fetching single milestone 5476 from group 4269: 404: 404 Not found [in D:\Documents\Code\gitlab-automation-suite\app\main\services.py:322]
2025-08-20 12:45:42,275 ERROR: Error fetching single milestone 5731 from group 4269: 404: 404 Not found [in D:\Documents\Code\gitlab-automation-suite\app\main\services.py:322]
2025-08-20 12:46:19,998 ERROR: Error fetching single milestone 5649 from group 4269: 404: 404 Not found [in D:\Documents\Code\gitlab-automation-suite\app\main\services.py:322]
2025-08-20 12:46:21,679 ERROR: Error fetching single milestone 5718 from group 3403: 404: 404 Not found [in D:\Documents\Code\gitlab-automation-suite\app\main\services.py:322]
2025-08-20 12:46:46,368 ERROR: Error fetching single milestone 5716 from group 4268: 404: 404 Not found [in D:\Documents\Code\gitlab-automation-suite\app\main\services.py:322]
2025-08-20 12:47:04,903 ERROR: Error fetching single milestone 5537 from group 4268: 404: 404 Not found [in D:\Documents\Code\gitlab-automation-suite\app\main\services.py:322]
2025-08-20 12:47:49,232 ERROR: Error fetching single milestone 5648 from group 4269: 404: 404 Not found [in D:\Documents\Code\gitlab-automation-suite\app\main\services.py:322]
2025-08-20 12:48:18,274 ERROR: Error fetching single milestone 5647 from group 4269: 404: 404 Not found [in D:\Documents\Code\gitlab-automation-suite\app\main\services.py:322]
2025-08-20 12:49:12,115 ERROR: Error fetching single milestone 5478 from group 4269: 404: 404 Not found [in D:\Documents\Code\gitlab-automation-suite\app\main\services.py:322]
