2025-08-22 22:28:43,592 INFO: GitLab Analytics Hub startup [in D:\Documents\Code\gitlab-automation-suite\app\__init__.py:32]
2025-08-22 22:28:43,593 INFO: --- PATH DEBUGGING --- [in D:\Documents\Code\gitlab-automation-suite\app\__init__.py:35]
2025-08-22 22:28:43,593 INFO: App Root Path: D:\Documents\Code\gitlab-automation-suite\app [in D:\Documents\Code\gitlab-automation-suite\app\__init__.py:36]
2025-08-22 22:28:43,594 INFO: App Template Folder: templates [in D:\Documents\Code\gitlab-automation-suite\app\__init__.py:37]
2025-08-22 22:28:43,594 INFO: Full Template Path: D:\Documents\Code\gitlab-automation-suite\app\templates [in D:\Documents\Code\gitlab-automation-suite\app\__init__.py:38]
2025-08-22 22:28:43,597 INFO: --- END PATH DEBUGGING --- [in D:\Documents\Code\gitlab-automation-suite\app\__init__.py:39]
2025-08-22 22:28:46,109 INFO: --- BLUEPRINT DEBUGGING --- [in D:\Documents\Code\gitlab-automation-suite\app\__init__.py:46]
2025-08-22 22:28:46,110 INFO: Registered Blueprint: 'main' [in D:\Documents\Code\gitlab-automation-suite\app\__init__.py:48]
2025-08-22 22:28:46,111 INFO:   - Blueprint Template Folder: ../templates [in D:\Documents\Code\gitlab-automation-suite\app\__init__.py:49]
2025-08-22 22:28:46,112 INFO: --- END BLUEPRINT DEBUGGING --- [in D:\Documents\Code\gitlab-automation-suite\app\__init__.py:50]
2025-08-22 22:29:06,205 INFO: Successfully connected to GitLab at https://emu.hinagro.com [in D:\Documents\Code\gitlab-automation-suite\app\main\services.py:27]
2025-08-22 22:29:06,206 INFO: Generating Triage to Milestone Lag Report based on milestone due dates. [in D:\Documents\Code\gitlab-automation-suite\app\main\logic.py:368]
2025-08-22 22:29:09,371 INFO: Fetched ALL 97 issues with filters: {'milestone': '2025-Aug-05', 'all': True, 'include_subgroups': True} [in D:\Documents\Code\gitlab-automation-suite\app\main\services.py:299]
2025-08-22 22:29:11,200 INFO: Fetched ALL 88 issues with filters: {'milestone': '2025-Aug-12', 'all': True, 'include_subgroups': True} [in D:\Documents\Code\gitlab-automation-suite\app\main\services.py:299]
2025-08-22 22:29:12,502 INFO: Fetched ALL 67 issues with filters: {'milestone': '2025-Aug-19', 'all': True, 'include_subgroups': True} [in D:\Documents\Code\gitlab-automation-suite\app\main\services.py:299]
2025-08-22 22:29:13,603 INFO: Fetched ALL 44 issues with filters: {'milestone': '2025-Sep-02', 'all': True, 'include_subgroups': True} [in D:\Documents\Code\gitlab-automation-suite\app\main\services.py:299]
2025-08-22 22:29:54,043 INFO: Successfully connected to GitLab at https://emu.hinagro.com [in D:\Documents\Code\gitlab-automation-suite\app\main\services.py:27]
2025-08-22 22:29:54,046 INFO: Generating Triage to Milestone Lag Report based on milestone due dates. [in D:\Documents\Code\gitlab-automation-suite\app\main\logic.py:368]
2025-08-22 22:29:57,191 INFO: Fetched ALL 97 issues with filters: {'milestone': '2025-Aug-05', 'all': True, 'include_subgroups': True} [in D:\Documents\Code\gitlab-automation-suite\app\main\services.py:299]
2025-08-22 22:29:59,108 INFO: Fetched ALL 88 issues with filters: {'milestone': '2025-Aug-12', 'all': True, 'include_subgroups': True} [in D:\Documents\Code\gitlab-automation-suite\app\main\services.py:299]
2025-08-22 22:30:00,433 INFO: Fetched ALL 67 issues with filters: {'milestone': '2025-Aug-19', 'all': True, 'include_subgroups': True} [in D:\Documents\Code\gitlab-automation-suite\app\main\services.py:299]
2025-08-22 22:30:01,566 INFO: Fetched ALL 44 issues with filters: {'milestone': '2025-Sep-02', 'all': True, 'include_subgroups': True} [in D:\Documents\Code\gitlab-automation-suite\app\main\services.py:299]
