2025-08-22 21:21:46,379 INFO: Fetched ALL 67 issues with filters: {'milestone': '2025-Jul-22', 'all': True, 'include_subgroups': True} [in D:\Documents\Code\gitlab-automation-suite\app\main\services.py:299]
2025-08-22 21:21:48,326 INFO: Fetched ALL 97 issues with filters: {'milestone': '2025-Aug-05', 'all': True, 'include_subgroups': True} [in D:\Documents\Code\gitlab-automation-suite\app\main\services.py:299]
2025-08-22 21:21:49,967 INFO: Fetched ALL 88 issues with filters: {'milestone': '2025-Aug-12', 'all': True, 'include_subgroups': True} [in D:\Documents\Code\gitlab-automation-suite\app\main\services.py:299]
2025-08-22 21:21:51,294 INFO: Fetched ALL 67 issues with filters: {'milestone': '2025-Aug-19', 'all': True, 'include_subgroups': True} [in D:\Documents\Code\gitlab-automation-suite\app\main\services.py:299]
2025-08-22 21:21:52,522 INFO: Fetched ALL 44 issues with filters: {'milestone': '2025-Sep-02', 'all': True, 'include_subgroups': True} [in D:\Documents\Code\gitlab-automation-suite\app\main\services.py:299]
2025-08-22 21:23:46,739 INFO: Successfully connected to GitLab at https://emu.hinagro.com [in D:\Documents\Code\gitlab-automation-suite\app\main\services.py:27]
2025-08-22 21:23:46,741 INFO: Generating Triage to Milestone Lag Report based on milestone due dates. [in D:\Documents\Code\gitlab-automation-suite\app\main\logic.py:368]
2025-08-22 21:23:49,664 INFO: Fetched ALL 114 issues with filters: {'milestone': '2025-Jun-03', 'all': True, 'include_subgroups': True} [in D:\Documents\Code\gitlab-automation-suite\app\main\services.py:299]
2025-08-22 21:23:51,614 INFO: Fetched ALL 84 issues with filters: {'milestone': '2025-Jun-10', 'all': True, 'include_subgroups': True} [in D:\Documents\Code\gitlab-automation-suite\app\main\services.py:299]
2025-08-22 21:23:53,119 INFO: Fetched ALL 75 issues with filters: {'milestone': '2025-Jun-17', 'all': True, 'include_subgroups': True} [in D:\Documents\Code\gitlab-automation-suite\app\main\services.py:299]
2025-08-22 21:23:54,892 INFO: Fetched ALL 87 issues with filters: {'milestone': '2025-Jul-01', 'all': True, 'include_subgroups': True} [in D:\Documents\Code\gitlab-automation-suite\app\main\services.py:299]
2025-08-22 21:23:56,119 INFO: Fetched ALL 45 issues with filters: {'milestone': '2025-Jul-08', 'all': True, 'include_subgroups': True} [in D:\Documents\Code\gitlab-automation-suite\app\main\services.py:299]
2025-08-22 21:23:57,450 INFO: Fetched ALL 45 issues with filters: {'milestone': '2025-Jul-15', 'all': True, 'include_subgroups': True} [in D:\Documents\Code\gitlab-automation-suite\app\main\services.py:299]
2025-08-22 21:23:58,997 INFO: Fetched ALL 67 issues with filters: {'milestone': '2025-Jul-22', 'all': True, 'include_subgroups': True} [in D:\Documents\Code\gitlab-automation-suite\app\main\services.py:299]
2025-08-22 21:24:00,964 INFO: Fetched ALL 97 issues with filters: {'milestone': '2025-Aug-05', 'all': True, 'include_subgroups': True} [in D:\Documents\Code\gitlab-automation-suite\app\main\services.py:299]
2025-08-22 21:24:02,577 INFO: Fetched ALL 88 issues with filters: {'milestone': '2025-Aug-12', 'all': True, 'include_subgroups': True} [in D:\Documents\Code\gitlab-automation-suite\app\main\services.py:299]
2025-08-22 21:24:04,210 INFO: Fetched ALL 67 issues with filters: {'milestone': '2025-Aug-19', 'all': True, 'include_subgroups': True} [in D:\Documents\Code\gitlab-automation-suite\app\main\services.py:299]
2025-08-22 21:24:05,556 INFO: Fetched ALL 44 issues with filters: {'milestone': '2025-Sep-02', 'all': True, 'include_subgroups': True} [in D:\Documents\Code\gitlab-automation-suite\app\main\services.py:299]
2025-08-22 21:25:51,527 INFO: Successfully connected to GitLab at https://emu.hinagro.com [in D:\Documents\Code\gitlab-automation-suite\app\main\services.py:27]
2025-08-22 21:25:51,528 INFO: Generating Triage to Milestone Lag Report based on milestone due dates. [in D:\Documents\Code\gitlab-automation-suite\app\main\logic.py:368]
2025-08-22 21:25:53,847 INFO: Fetched ALL 114 issues with filters: {'milestone': '2025-Jun-03', 'all': True, 'include_subgroups': True} [in D:\Documents\Code\gitlab-automation-suite\app\main\services.py:299]
2025-08-22 21:25:55,420 INFO: Fetched ALL 84 issues with filters: {'milestone': '2025-Jun-10', 'all': True, 'include_subgroups': True} [in D:\Documents\Code\gitlab-automation-suite\app\main\services.py:299]
2025-08-22 21:25:56,853 INFO: Fetched ALL 75 issues with filters: {'milestone': '2025-Jun-17', 'all': True, 'include_subgroups': True} [in D:\Documents\Code\gitlab-automation-suite\app\main\services.py:299]
2025-08-22 21:25:58,693 INFO: Fetched ALL 87 issues with filters: {'milestone': '2025-Jul-01', 'all': True, 'include_subgroups': True} [in D:\Documents\Code\gitlab-automation-suite\app\main\services.py:299]
2025-08-22 21:25:59,923 INFO: Fetched ALL 45 issues with filters: {'milestone': '2025-Jul-08', 'all': True, 'include_subgroups': True} [in D:\Documents\Code\gitlab-automation-suite\app\main\services.py:299]
2025-08-22 21:26:01,048 INFO: Fetched ALL 45 issues with filters: {'milestone': '2025-Jul-15', 'all': True, 'include_subgroups': True} [in D:\Documents\Code\gitlab-automation-suite\app\main\services.py:299]
2025-08-22 21:26:02,483 INFO: Fetched ALL 67 issues with filters: {'milestone': '2025-Jul-22', 'all': True, 'include_subgroups': True} [in D:\Documents\Code\gitlab-automation-suite\app\main\services.py:299]
2025-08-22 21:26:04,434 INFO: Fetched ALL 97 issues with filters: {'milestone': '2025-Aug-05', 'all': True, 'include_subgroups': True} [in D:\Documents\Code\gitlab-automation-suite\app\main\services.py:299]
2025-08-22 21:26:06,272 INFO: Fetched ALL 88 issues with filters: {'milestone': '2025-Aug-12', 'all': True, 'include_subgroups': True} [in D:\Documents\Code\gitlab-automation-suite\app\main\services.py:299]
2025-08-22 21:26:07,813 INFO: Fetched ALL 67 issues with filters: {'milestone': '2025-Aug-19', 'all': True, 'include_subgroups': True} [in D:\Documents\Code\gitlab-automation-suite\app\main\services.py:299]
2025-08-22 21:26:09,143 INFO: Fetched ALL 44 issues with filters: {'milestone': '2025-Sep-02', 'all': True, 'include_subgroups': True} [in D:\Documents\Code\gitlab-automation-suite\app\main\services.py:299]
