2025-08-22 22:23:24,132 INFO: GitLab Analytics Hub startup [in D:\Documents\Code\gitlab-automation-suite\app\__init__.py:32]
2025-08-22 22:23:24,133 INFO: --- PATH DEBUGGING --- [in D:\Documents\Code\gitlab-automation-suite\app\__init__.py:35]
2025-08-22 22:23:24,134 INFO: App Root Path: D:\Documents\Code\gitlab-automation-suite\app [in D:\Documents\Code\gitlab-automation-suite\app\__init__.py:36]
2025-08-22 22:23:24,134 INFO: App Template Folder: templates [in D:\Documents\Code\gitlab-automation-suite\app\__init__.py:37]
2025-08-22 22:23:24,134 INFO: Full Template Path: D:\Documents\Code\gitlab-automation-suite\app\templates [in D:\Documents\Code\gitlab-automation-suite\app\__init__.py:38]
2025-08-22 22:23:24,137 INFO: --- END PATH DEBUGGING --- [in D:\Documents\Code\gitlab-automation-suite\app\__init__.py:39]
2025-08-22 22:23:26,542 INFO: --- BLUEPRINT DEBUGGING --- [in D:\Documents\Code\gitlab-automation-suite\app\__init__.py:46]
2025-08-22 22:23:26,543 INFO: Registered Blueprint: 'main' [in D:\Documents\Code\gitlab-automation-suite\app\__init__.py:48]
2025-08-22 22:23:26,544 INFO:   - Blueprint Template Folder: ../templates [in D:\Documents\Code\gitlab-automation-suite\app\__init__.py:49]
2025-08-22 22:23:26,545 INFO: --- END BLUEPRINT DEBUGGING --- [in D:\Documents\Code\gitlab-automation-suite\app\__init__.py:50]
2025-08-22 22:23:55,822 INFO: Returning cached data for group ID: 2651 [in D:\Documents\Code\gitlab-automation-suite\app\main\routes.py:98]
2025-08-22 22:24:00,086 INFO: Returning cached data for group ID: 2 [in D:\Documents\Code\gitlab-automation-suite\app\main\routes.py:98]
2025-08-22 22:24:01,064 INFO: Returning cached data for group ID: 2623 [in D:\Documents\Code\gitlab-automation-suite\app\main\routes.py:98]
2025-08-22 22:24:24,498 INFO: Successfully connected to GitLab at https://emu.hinagro.com [in D:\Documents\Code\gitlab-automation-suite\app\main\services.py:27]
2025-08-22 22:24:24,500 INFO: Generating Triage to Milestone Lag Report based on milestone due dates. [in D:\Documents\Code\gitlab-automation-suite\app\main\logic.py:368]
2025-08-22 22:24:25,314 INFO: Fetched ALL 0 issues with filters: {'labels': 'type::enhancement,type::customisation', 'milestone': '2025-Aug-05', 'all': True, 'include_subgroups': True} [in D:\Documents\Code\gitlab-automation-suite\app\main\services.py:299]
2025-08-22 22:24:25,710 INFO: Fetched ALL 0 issues with filters: {'labels': 'type::enhancement,type::customisation', 'milestone': '2025-Aug-12', 'all': True, 'include_subgroups': True} [in D:\Documents\Code\gitlab-automation-suite\app\main\services.py:299]
2025-08-22 22:24:26,225 INFO: Fetched ALL 0 issues with filters: {'labels': 'type::enhancement,type::customisation', 'milestone': '2025-Aug-19', 'all': True, 'include_subgroups': True} [in D:\Documents\Code\gitlab-automation-suite\app\main\services.py:299]
2025-08-22 22:24:26,727 INFO: Fetched ALL 0 issues with filters: {'labels': 'type::enhancement,type::customisation', 'milestone': '2025-Sep-02', 'all': True, 'include_subgroups': True} [in D:\Documents\Code\gitlab-automation-suite\app\main\services.py:299]
2025-08-22 22:25:02,043 INFO: Successfully connected to GitLab at https://emu.hinagro.com [in D:\Documents\Code\gitlab-automation-suite\app\main\services.py:27]
2025-08-22 22:25:02,044 INFO: Generating Triage to Milestone Lag Report based on milestone due dates. [in D:\Documents\Code\gitlab-automation-suite\app\main\logic.py:368]
2025-08-22 22:25:04,609 INFO: Fetched ALL 97 issues with filters: {'milestone': '2025-Aug-05', 'all': True, 'include_subgroups': True} [in D:\Documents\Code\gitlab-automation-suite\app\main\services.py:299]
2025-08-22 22:25:06,650 INFO: Fetched ALL 88 issues with filters: {'milestone': '2025-Aug-12', 'all': True, 'include_subgroups': True} [in D:\Documents\Code\gitlab-automation-suite\app\main\services.py:299]
2025-08-22 22:25:08,134 INFO: Fetched ALL 67 issues with filters: {'milestone': '2025-Aug-19', 'all': True, 'include_subgroups': True} [in D:\Documents\Code\gitlab-automation-suite\app\main\services.py:299]
2025-08-22 22:25:09,316 INFO: Fetched ALL 44 issues with filters: {'milestone': '2025-Sep-02', 'all': True, 'include_subgroups': True} [in D:\Documents\Code\gitlab-automation-suite\app\main\services.py:299]
