2025-08-22 14:54:42,046 INFO: GitLab Analytics Hub startup [in D:\Documents\Code\gitlab-automation-suite\app\__init__.py:32]
2025-08-22 14:54:42,047 INFO: --- PATH DEBUGGING --- [in D:\Documents\Code\gitlab-automation-suite\app\__init__.py:35]
2025-08-22 14:54:42,047 INFO: App Root Path: D:\Documents\Code\gitlab-automation-suite\app [in D:\Documents\Code\gitlab-automation-suite\app\__init__.py:36]
2025-08-22 14:54:42,048 INFO: App Template Folder: templates [in D:\Documents\Code\gitlab-automation-suite\app\__init__.py:37]
2025-08-22 14:54:42,048 INFO: Full Template Path: D:\Documents\Code\gitlab-automation-suite\app\templates [in D:\Documents\Code\gitlab-automation-suite\app\__init__.py:38]
2025-08-22 14:54:42,051 INFO: --- END PATH DEBUGGING --- [in D:\Documents\Code\gitlab-automation-suite\app\__init__.py:39]
2025-08-22 14:54:44,686 INFO: --- BLUEPRINT DEBUGGING --- [in D:\Documents\Code\gitlab-automation-suite\app\__init__.py:46]
2025-08-22 14:54:44,687 INFO: Registered Blueprint: 'main' [in D:\Documents\Code\gitlab-automation-suite\app\__init__.py:48]
2025-08-22 14:54:44,688 INFO:   - Blueprint Template Folder: ../templates [in D:\Documents\Code\gitlab-automation-suite\app\__init__.py:49]
2025-08-22 14:54:44,688 INFO: --- END BLUEPRINT DEBUGGING --- [in D:\Documents\Code\gitlab-automation-suite\app\__init__.py:50]
2025-08-22 14:54:54,009 INFO: Successfully connected to GitLab at https://emu.hinagro.com [in D:\Documents\Code\gitlab-automation-suite\app\main\services.py:27]
2025-08-22 14:54:54,011 INFO: Generating Triage to Milestone Lag Report. [in D:\Documents\Code\gitlab-automation-suite\app\main\logic.py:364]
2025-08-22 14:54:55,017 INFO: Fetched ALL 26 issues with filters: {'created_after': '2025-08-18', 'created_before': '2025-08-20', 'milestone': 'Any', 'all': True, 'include_subgroups': True} [in D:\Documents\Code\gitlab-automation-suite\app\main\services.py:289]
2025-08-22 14:54:56,214 ERROR: Error fetching single milestone 6071 from group 4269: 404: 404 Not found [in D:\Documents\Code\gitlab-automation-suite\app\main\services.py:322]
2025-08-22 14:54:57,419 ERROR: Error fetching single milestone 6072 from group 4269: 404: 404 Not found [in D:\Documents\Code\gitlab-automation-suite\app\main\services.py:322]
2025-08-22 14:55:01,331 ERROR: Error fetching single milestone 6271 from group 2623: 404: 404 Not found [in D:\Documents\Code\gitlab-automation-suite\app\main\services.py:322]
2025-08-22 15:08:21,175 INFO: Successfully connected to GitLab at https://emu.hinagro.com [in D:\Documents\Code\gitlab-automation-suite\app\main\services.py:27]
2025-08-22 15:09:20,455 INFO: Successfully connected to GitLab at https://emu.hinagro.com [in D:\Documents\Code\gitlab-automation-suite\app\main\services.py:27]
2025-08-22 15:09:23,478 INFO: Fetched ALL 97 issues with filters: {'milestone': '2025-Aug-05', 'all': True, 'include_subgroups': True} [in D:\Documents\Code\gitlab-automation-suite\app\main\services.py:289]
2025-08-22 15:09:25,847 INFO: Fetched ALL 88 issues with filters: {'milestone': '2025-Aug-12', 'all': True, 'include_subgroups': True} [in D:\Documents\Code\gitlab-automation-suite\app\main\services.py:289]
2025-08-22 15:09:27,710 INFO: Fetched ALL 67 issues with filters: {'milestone': '2025-Aug-19', 'all': True, 'include_subgroups': True} [in D:\Documents\Code\gitlab-automation-suite\app\main\services.py:289]
2025-08-22 15:09:31,126 INFO: Successfully connected to GitLab at https://emu.hinagro.com [in D:\Documents\Code\gitlab-automation-suite\app\main\services.py:27]
2025-08-22 15:09:32,984 INFO: Fetched ALL 67 issues with filters: {'milestone': '2025-Aug-19', 'all': True, 'include_subgroups': True} [in D:\Documents\Code\gitlab-automation-suite\app\main\services.py:289]
