2025-08-20 22:27:13,988 INFO: GitLab Analytics Hub startup [in D:\Documents\Code\gitlab-automation-suite\app\__init__.py:32]
2025-08-20 22:27:13,989 INFO: --- PATH DEBUGGING --- [in D:\Documents\Code\gitlab-automation-suite\app\__init__.py:35]
2025-08-20 22:27:13,990 INFO: App Root Path: D:\Documents\Code\gitlab-automation-suite\app [in D:\Documents\Code\gitlab-automation-suite\app\__init__.py:36]
2025-08-20 22:27:13,990 INFO: App Template Folder: templates [in D:\Documents\Code\gitlab-automation-suite\app\__init__.py:37]
2025-08-20 22:27:13,991 INFO: Full Template Path: D:\Documents\Code\gitlab-automation-suite\app\templates [in D:\Documents\Code\gitlab-automation-suite\app\__init__.py:38]
2025-08-20 22:27:13,994 INFO: --- END PATH DEBUGGING --- [in D:\Documents\Code\gitlab-automation-suite\app\__init__.py:39]
2025-08-20 22:27:16,532 INFO: --- BLUEPRINT DEBUGGING --- [in D:\Documents\Code\gitlab-automation-suite\app\__init__.py:46]
2025-08-20 22:27:16,533 INFO: Registered Blueprint: 'main' [in D:\Documents\Code\gitlab-automation-suite\app\__init__.py:48]
2025-08-20 22:27:16,533 INFO:   - Blueprint Template Folder: ../templates [in D:\Documents\Code\gitlab-automation-suite\app\__init__.py:49]
2025-08-20 22:27:16,534 INFO: --- END BLUEPRINT DEBUGGING --- [in D:\Documents\Code\gitlab-automation-suite\app\__init__.py:50]
2025-08-20 22:27:22,614 INFO: Successfully connected to GitLab at https://emu.hinagro.com [in D:\Documents\Code\gitlab-automation-suite\app\main\services.py:27]
2025-08-20 22:27:39,011 INFO: Successfully connected to GitLab at https://emu.hinagro.com [in D:\Documents\Code\gitlab-automation-suite\app\main\services.py:27]
2025-08-20 22:27:51,068 INFO: Successfully connected to GitLab at https://emu.hinagro.com [in D:\Documents\Code\gitlab-automation-suite\app\main\services.py:27]
2025-08-20 22:27:58,206 INFO: Fetched ALL 96 issues with filters: {'milestone': '2025-Aug-05', 'all': True, 'include_subgroups': True} [in D:\Documents\Code\gitlab-automation-suite\app\main\services.py:280]
2025-08-20 22:28:02,470 INFO: Fetched ALL 89 issues with filters: {'milestone': '2025-Aug-12', 'all': True, 'include_subgroups': True} [in D:\Documents\Code\gitlab-automation-suite\app\main\services.py:280]
2025-08-20 22:28:06,604 INFO: Fetched ALL 67 issues with filters: {'milestone': '2025-Aug-19', 'all': True, 'include_subgroups': True} [in D:\Documents\Code\gitlab-automation-suite\app\main\services.py:280]
2025-08-20 22:28:08,841 INFO: Successfully connected to GitLab at https://emu.hinagro.com [in D:\Documents\Code\gitlab-automation-suite\app\main\services.py:27]
2025-08-20 22:28:27,537 INFO: Successfully connected to GitLab at https://emu.hinagro.com [in D:\Documents\Code\gitlab-automation-suite\app\main\services.py:27]
2025-08-20 22:28:48,434 INFO: Successfully connected to GitLab at https://emu.hinagro.com [in D:\Documents\Code\gitlab-automation-suite\app\main\services.py:27]
2025-08-20 22:29:06,371 INFO: Successfully connected to GitLab at https://emu.hinagro.com [in D:\Documents\Code\gitlab-automation-suite\app\main\services.py:27]
2025-08-20 22:29:21,504 INFO: Successfully connected to GitLab at https://emu.hinagro.com [in D:\Documents\Code\gitlab-automation-suite\app\main\services.py:27]
2025-08-20 22:29:33,330 INFO: Successfully connected to GitLab at https://emu.hinagro.com [in D:\Documents\Code\gitlab-automation-suite\app\main\services.py:27]
2025-08-20 22:29:41,507 INFO: Successfully connected to GitLab at https://emu.hinagro.com [in D:\Documents\Code\gitlab-automation-suite\app\main\services.py:27]
2025-08-20 22:29:50,221 INFO: Fetched ALL 96 issues with filters: {'milestone': '2025-Aug-05', 'all': True, 'include_subgroups': True} [in D:\Documents\Code\gitlab-automation-suite\app\main\services.py:280]
2025-08-20 22:29:53,430 INFO: Fetched ALL 89 issues with filters: {'milestone': '2025-Aug-12', 'all': True, 'include_subgroups': True} [in D:\Documents\Code\gitlab-automation-suite\app\main\services.py:280]
2025-08-20 22:29:58,135 INFO: Fetched ALL 67 issues with filters: {'milestone': '2025-Aug-19', 'all': True, 'include_subgroups': True} [in D:\Documents\Code\gitlab-automation-suite\app\main\services.py:280]
