2025-08-19 11:01:09,794 INFO: Generating Issue TAT Trend Report for 3 months. [in D:\Documents\Code\gitlab-automation-suite\app\main\logic.py:211]
2025-08-19 11:01:25,962 INFO: Fetched ALL 754 issues with filters: {'state': 'closed', 'created_after': '2025-05-19', 'created_before': '2025-08-19', 'all': True, 'include_subgroups': True} [in D:\Documents\Code\gitlab-automation-suite\app\main\services.py:272]
2025-08-19 11:01:52,060 INFO: Successfully connected to GitLab at https://emu.hinagro.com [in D:\Documents\Code\gitlab-automation-suite\app\main\services.py:27]
2025-08-19 11:01:53,728 INFO: Successfully connected to GitLab at https://emu.hinagro.com [in D:\Documents\Code\gitlab-automation-suite\app\main\services.py:27]
2025-08-19 11:01:58,713 INFO: Fetched ALL 381 issues with filters: {'assignee_username': 'abhishekh', 'scope': 'all', 'state': 'opened', 'all': True} [in D:\Documents\Code\gitlab-automation-suite\app\main\services.py:272]
2025-08-19 11:02:06,289 INFO: Successfully connected to GitLab at https://emu.hinagro.com [in D:\Documents\Code\gitlab-automation-suite\app\main\services.py:27]
2025-08-19 11:02:12,096 INFO: Fetched ALL 381 issues with filters: {'assignee_username': 'abhishekh', 'scope': 'all', 'state': 'opened', 'all': True} [in D:\Documents\Code\gitlab-automation-suite\app\main\services.py:272]
2025-08-19 11:02:53,621 INFO: Successfully connected to GitLab at https://emu.hinagro.com [in D:\Documents\Code\gitlab-automation-suite\app\main\services.py:27]
2025-08-19 11:02:53,909 INFO: Fetched ALL 8 issues with filters: {'assignee_username': 'abhishekh', 'scope': 'all', 'updated_after': '2025-08-12T05:32:53.696533', 'all': True} [in D:\Documents\Code\gitlab-automation-suite\app\main\services.py:272]
2025-08-19 11:03:34,534 INFO: Successfully connected to GitLab at https://emu.hinagro.com [in D:\Documents\Code\gitlab-automation-suite\app\main\services.py:27]
2025-08-19 11:03:47,405 INFO: Successfully connected to GitLab at https://emu.hinagro.com [in D:\Documents\Code\gitlab-automation-suite\app\main\services.py:27]
2025-08-19 11:03:51,349 INFO: Successfully connected to GitLab at https://emu.hinagro.com [in D:\Documents\Code\gitlab-automation-suite\app\main\services.py:27]
2025-08-19 11:03:53,392 INFO: Successfully connected to GitLab at https://emu.hinagro.com [in D:\Documents\Code\gitlab-automation-suite\app\main\services.py:27]
2025-08-19 11:03:59,175 INFO: Fetched ALL 381 issues with filters: {'assignee_username': 'abhishekh', 'scope': 'all', 'state': 'opened', 'all': True} [in D:\Documents\Code\gitlab-automation-suite\app\main\services.py:272]
2025-08-19 11:04:08,004 INFO: Successfully connected to GitLab at https://emu.hinagro.com [in D:\Documents\Code\gitlab-automation-suite\app\main\services.py:27]
2025-08-19 11:04:13,524 INFO: Fetched ALL 381 issues with filters: {'assignee_username': 'abhishekh', 'scope': 'all', 'state': 'opened', 'all': True} [in D:\Documents\Code\gitlab-automation-suite\app\main\services.py:272]
2025-08-19 11:14:44,122 INFO: Successfully connected to GitLab at https://emu.hinagro.com [in D:\Documents\Code\gitlab-automation-suite\app\main\services.py:27]
2025-08-19 16:50:39,469 INFO: Successfully connected to GitLab at https://emu.hinagro.com [in D:\Documents\Code\gitlab-automation-suite\app\main\services.py:27]
2025-08-19 16:50:47,658 INFO: Successfully connected to GitLab at https://emu.hinagro.com [in D:\Documents\Code\gitlab-automation-suite\app\main\services.py:27]
2025-08-19 16:51:00,149 INFO: Successfully connected to GitLab at https://emu.hinagro.com [in D:\Documents\Code\gitlab-automation-suite\app\main\services.py:27]
2025-08-19 17:20:08,604 INFO: Successfully connected to GitLab at https://emu.hinagro.com [in D:\Documents\Code\gitlab-automation-suite\app\main\services.py:27]
