2025-08-19 17:59:15,166 INFO: GitLab Analytics Hub startup [in D:\Documents\Code\gitlab-automation-suite\app\__init__.py:32]
2025-08-19 17:59:15,170 INFO: --- PATH DEBUGGING --- [in D:\Documents\Code\gitlab-automation-suite\app\__init__.py:35]
2025-08-19 17:59:15,172 INFO: App Root Path: D:\Documents\Code\gitlab-automation-suite\app [in D:\Documents\Code\gitlab-automation-suite\app\__init__.py:36]
2025-08-19 17:59:15,173 INFO: App Template Folder: templates [in D:\Documents\Code\gitlab-automation-suite\app\__init__.py:37]
2025-08-19 17:59:15,173 INFO: Full Template Path: D:\Documents\Code\gitlab-automation-suite\app\templates [in D:\Documents\Code\gitlab-automation-suite\app\__init__.py:38]
2025-08-19 17:59:15,177 INFO: --- END PATH DEBUGGING --- [in D:\Documents\Code\gitlab-automation-suite\app\__init__.py:39]
2025-08-19 17:59:17,708 INFO: --- BLUEPRINT DEBUGGING --- [in D:\Documents\Code\gitlab-automation-suite\app\__init__.py:46]
2025-08-19 17:59:17,709 INFO: Registered Blueprint: 'main' [in D:\Documents\Code\gitlab-automation-suite\app\__init__.py:48]
2025-08-19 17:59:17,709 INFO:   - Blueprint Template Folder: ../templates [in D:\Documents\Code\gitlab-automation-suite\app\__init__.py:49]
2025-08-19 17:59:17,710 INFO: --- END BLUEPRINT DEBUGGING --- [in D:\Documents\Code\gitlab-automation-suite\app\__init__.py:50]
2025-08-19 17:59:23,446 INFO: Successfully connected to GitLab at https://emu.hinagro.com [in D:\Documents\Code\gitlab-automation-suite\app\main\services.py:27]
2025-08-19 17:59:23,447 INFO: Generating Triage to Milestone Lag Report. [in D:\Documents\Code\gitlab-automation-suite\app\main\logic.py:364]
2025-08-19 17:59:36,411 INFO: Fetched ALL 700 issues with filters: {'created_after': '2025-07-01', 'created_before': '2025-08-19', 'all': True, 'include_subgroups': True} [in D:\Documents\Code\gitlab-automation-suite\app\main\services.py:272]
2025-08-19 17:59:36,421 ERROR: Report generation failed: 'GitLabService' object has no attribute 'get_single_issue'
Traceback (most recent call last):
  File "D:\Documents\Code\gitlab-automation-suite\app\main\routes.py", line 117, in generate_report
    chart_data, error_msg = ReportGenerator.generate_triage_to_milestone_report(
                            ~~~~~~~~~~~~~~~~~~~~~~~~~~~~~~~~~~~~~~~~~~~~~~~~~~~^
        gl_service, data['scope_id'], data['scope_type'], data['start_date'], data['end_date']
        ^^^^^^^^^^^^^^^^^^^^^^^^^^^^^^^^^^^^^^^^^^^^^^^^^^^^^^^^^^^^^^^^^^^^^^^^^^^^^^^^^^^^^^
    )
    ^
  File "D:\Documents\Code\gitlab-automation-suite\app\main\logic.py", line 379, in generate_triage_to_milestone_report
    full_issue = gl_service.get_single_issue(issue.project_id, issue.iid)
                 ^^^^^^^^^^^^^^^^^^^^^^^^^^^
AttributeError: 'GitLabService' object has no attribute 'get_single_issue'. Did you mean: 'get_single_milestone'?
 [in D:\Documents\Code\gitlab-automation-suite\app\main\routes.py:174]
