2025-08-22 14:48:19,428 INFO: GitLab Analytics Hub startup [in D:\Documents\Code\gitlab-automation-suite\app\__init__.py:32]
2025-08-22 14:48:19,429 INFO: --- PATH DEBUGGING --- [in D:\Documents\Code\gitlab-automation-suite\app\__init__.py:35]
2025-08-22 14:48:19,430 INFO: App Root Path: D:\Documents\Code\gitlab-automation-suite\app [in D:\Documents\Code\gitlab-automation-suite\app\__init__.py:36]
2025-08-22 14:48:19,431 INFO: App Template Folder: templates [in D:\Documents\Code\gitlab-automation-suite\app\__init__.py:37]
2025-08-22 14:48:19,431 INFO: Full Template Path: D:\Documents\Code\gitlab-automation-suite\app\templates [in D:\Documents\Code\gitlab-automation-suite\app\__init__.py:38]
2025-08-22 14:48:19,434 INFO: --- END PATH DEBUGGING --- [in D:\Documents\Code\gitlab-automation-suite\app\__init__.py:39]
2025-08-22 14:48:21,976 INFO: --- BLUEPRINT DEBUGGING --- [in D:\Documents\Code\gitlab-automation-suite\app\__init__.py:46]
2025-08-22 14:48:21,977 INFO: Registered Blueprint: 'main' [in D:\Documents\Code\gitlab-automation-suite\app\__init__.py:48]
2025-08-22 14:48:21,977 INFO:   - Blueprint Template Folder: ../templates [in D:\Documents\Code\gitlab-automation-suite\app\__init__.py:49]
2025-08-22 14:48:21,977 INFO: --- END BLUEPRINT DEBUGGING --- [in D:\Documents\Code\gitlab-automation-suite\app\__init__.py:50]
2025-08-22 14:48:26,761 INFO: Returning cached data for group ID: 2 [in D:\Documents\Code\gitlab-automation-suite\app\main\routes.py:85]
2025-08-22 14:48:28,196 INFO: Returning cached data for group ID: 2623 [in D:\Documents\Code\gitlab-automation-suite\app\main\routes.py:85]
2025-08-22 14:48:30,818 INFO: Successfully connected to GitLab at https://emu.hinagro.com [in D:\Documents\Code\gitlab-automation-suite\app\main\services.py:27]
2025-08-22 14:48:30,819 INFO: Generating Triage to Milestone Lag Report. [in D:\Documents\Code\gitlab-automation-suite\app\main\logic.py:364]
2025-08-22 14:48:32,252 INFO: Fetched ALL 26 issues with filters: {'created_after': '2025-08-18', 'created_before': '2025-08-20', 'milestone': 'Any', 'all': True, 'include_subgroups': True} [in D:\Documents\Code\gitlab-automation-suite\app\main\services.py:289]
2025-08-22 14:48:33,674 ERROR: Error fetching single milestone 6071 from group 4269: 404: 404 Not found [in D:\Documents\Code\gitlab-automation-suite\app\main\services.py:322]
2025-08-22 14:48:35,192 ERROR: Error fetching single milestone 6072 from group 4269: 404: 404 Not found [in D:\Documents\Code\gitlab-automation-suite\app\main\services.py:322]
2025-08-22 14:48:38,762 ERROR: Error fetching single milestone 6271 from group 2623: 404: 404 Not found [in D:\Documents\Code\gitlab-automation-suite\app\main\services.py:322]
2025-08-22 14:48:45,403 ERROR: Report generation failed: too many values to unpack (expected 2)
Traceback (most recent call last):
  File "D:\Documents\Code\gitlab-automation-suite\app\main\routes.py", line 136, in generate_report
    chart_data, error_msg = ReportGenerator.generate_triage_to_milestone_report(
    ^^^^^^^^^^^^^^^^^^^^^
ValueError: too many values to unpack (expected 2)
 [in D:\Documents\Code\gitlab-automation-suite\app\main\routes.py:199]
